<?xml version="1.0" encoding="UTF-8"?>
<!-- Generated by org.testng.reporters.JUnitXMLReporter -->
<testsuite hostname="PratikP" ignored="0" name="GC Test" tests="6" failures="2" timestamp="29 Nov 2023 19:40:30 GMT" time="23.093" errors="0">
  <testcase name="dash" time="2.268" classname="com.practice.TestNG_EX"/>
  <testcase name="downloads" time="3.724" classname="com.practice.TestNG_EX"/>
  <testcase name="login" time="5.103" classname="com.practice.TestNG_EX">
    <failure type="org.openqa.selenium.WebDriverException" message="disconnected: received Inspector.detached event
  (failed to check if window was closed: disconnected: not connected to DevTools)
  (Session info: chrome=119.0.6045.160)
Build info: version: &amp;apos;3.141.59&amp;apos;, revision: &amp;apos;e82be7d358&amp;apos;, time: &amp;apos;2018-11-14T08:17:03&amp;apos;
System info: host: &amp;apos;PRATIKP&amp;apos;, ip: &amp;apos;192.168.0.162&amp;apos;, os.name: &amp;apos;Windows 10&amp;apos;, os.arch: &amp;apos;amd64&amp;apos;, os.version: &amp;apos;10.0&amp;apos;, java.version: &amp;apos;1.8.0_144&amp;apos;
Driver info: driver.version: ChromeDriver
remote stacktrace: 	GetHandleVerifier [0x00007FF7D10A82B2+55298]
	(No symbol) [0x00007FF7D1015E02]
	(No symbol) [0x00007FF7D0ED05AB]
	(No symbol) [0x00007FF7D0EBFF52]
	(No symbol) [0x00007FF7D0EBF905]
	(No symbol) [0x00007FF7D0EBE803]
	(No symbol) [0x00007FF7D0EBE7A8]
	(No symbol) [0x00007FF7D0EBCF0E]
	(No symbol) [0x00007FF7D0EBD803]
	(No symbol) [0x00007FF7D0EBC376]
	(No symbol) [0x00007FF7D0ECB545]
	(No symbol) [0x00007FF7D0EBC1CD]
	(No symbol) [0x00007FF7D0EBE4BA]
	(No symbol) [0x00007FF7D0EBCF0E]
	(No symbol) [0x00007FF7D0EBD803]
	(No symbol) [0x00007FF7D0EBC376]
	(No symbol) [0x00007FF7D0EC5CFA]
	(No symbol) [0x00007FF7D0EBC1CD]
	(No symbol) [0x00007FF7D0EBE4BA]
	(No symbol) [0x00007FF7D0EBCF0E]
	(No symbol) [0x00007FF7D0EBD803]
	(No symbol) [0x00007FF7D0EBC376]
	(No symbol) [0x00007FF7D0EC32E6]
	(No symbol) [0x00007FF7D0EBC1CD]
	(No symbol) [0x00007FF7D0EBE4BA]
	(No symbol) [0x00007FF7D0EBCF0E]
	(No symbol) [0x00007FF7D0EBD803]
	(No symbol) [0x00007FF7D0EBC376]
	(No symbol) [0x00007FF7D0EB4CE2]
	(No symbol) [0x00007FF7D0EBC1CD]
	(No symbol) [0x00007FF7D0EBBA48]
	(No symbol) [0x00007FF7D0EBB6A2]
	(No symbol) [0x00007FF7D0ED2431]
	(No symbol) [0x00007FF7D0EAF7D7]
	(No symbol) [0x00007FF7D0EAF2C0]
	(No symbol) [0x00007FF7D0F3A25D]
	(No symbol) [0x00007FF7D0F39CB0]
	(No symbol) [0x00007FF7D0F31E83]
	(No symbol) [0x00007FF7D0F0670A]
	(No symbol) [0x00007FF7D0F07964]
	GetHandleVerifier [0x00007FF7D1420AAB+3694587]
	GetHandleVerifier [0x00007FF7D147728E+4048862]
	GetHandleVerifier [0x00007FF7D146F173+4015811]
	GetHandleVerifier [0x00007FF7D11447D6+695590]
	(No symbol) [0x00007FF7D1020CE8]
	(No symbol) [0x00007FF7D101CF34]
	(No symbol) [0x00007FF7D101D062]
	(No symbol) [0x00007FF7D100D3A3]
	BaseThreadInitThunk [0x00007FFA172A257D+29]
	RtlUserThreadStart [0x00007FFA179EAA58+40]
">
      <![CDATA[org.openqa.selenium.WebDriverException: disconnected: received Inspector.detached event  (failed to check if window was closed: disconnected: not connected to DevTools)  (Session info: chrome=119.0.6045.160)Build info: version: '3.141.59', revision: 'e82be7d358', time: '2018-11-14T08:17:03'System info: host: 'PRATIKP', ip: '192.168.0.162', os.name: 'Windows 10', os.arch: 'amd64', os.version: '10.0', java.version: '1.8.0_144'Driver info: driver.version: ChromeDriverremote stacktrace: GetHandleVerifier [0x00007FF7D10A82B2+55298](No symbol) [0x00007FF7D1015E02](No symbol) [0x00007FF7D0ED05AB](No symbol) [0x00007FF7D0EBFF52](No symbol) [0x00007FF7D0EBF905](No symbol) [0x00007FF7D0EBE803](No symbol) [0x00007FF7D0EBE7A8](No symbol) [0x00007FF7D0EBCF0E](No symbol) [0x00007FF7D0EBD803](No symbol) [0x00007FF7D0EBC376](No symbol) [0x00007FF7D0ECB545](No symbol) [0x00007FF7D0EBC1CD](No symbol) [0x00007FF7D0EBE4BA](No symbol) [0x00007FF7D0EBCF0E](No symbol) [0x00007FF7D0EBD803](No symbol) [0x00007FF7D0EBC376](No symbol) [0x00007FF7D0EC5CFA](No symbol) [0x00007FF7D0EBC1CD](No symbol) [0x00007FF7D0EBE4BA](No symbol) [0x00007FF7D0EBCF0E](No symbol) [0x00007FF7D0EBD803](No symbol) [0x00007FF7D0EBC376](No symbol) [0x00007FF7D0EC32E6](No symbol) [0x00007FF7D0EBC1CD](No symbol) [0x00007FF7D0EBE4BA](No symbol) [0x00007FF7D0EBCF0E](No symbol) [0x00007FF7D0EBD803](No symbol) [0x00007FF7D0EBC376](No symbol) [0x00007FF7D0EB4CE2](No symbol) [0x00007FF7D0EBC1CD](No symbol) [0x00007FF7D0EBBA48](No symbol) [0x00007FF7D0EBB6A2](No symbol) [0x00007FF7D0ED2431](No symbol) [0x00007FF7D0EAF7D7](No symbol) [0x00007FF7D0EAF2C0](No symbol) [0x00007FF7D0F3A25D](No symbol) [0x00007FF7D0F39CB0](No symbol) [0x00007FF7D0F31E83](No symbol) [0x00007FF7D0F0670A](No symbol) [0x00007FF7D0F07964]GetHandleVerifier [0x00007FF7D1420AAB+3694587]GetHandleVerifier [0x00007FF7D147728E+4048862]GetHandleVerifier [0x00007FF7D146F173+4015811]GetHandleVerifier [0x00007FF7D11447D6+695590](No symbol) [0x00007FF7D1020CE8](No symbol) [0x00007FF7D101CF34](No symbol) [0x00007FF7D101D062](No symbol) [0x00007FF7D100D3A3]BaseThreadInitThunk [0x00007FFA172A257D+29]RtlUserThreadStart [0x00007FFA179EAA58+40]at org.openqa.selenium.remote.W3CHandshakeResponse.lambda$errorHandler$0(W3CHandshakeResponse.java:62)at org.openqa.selenium.remote.HandshakeResponse.lambda$getResponseFunction$0(HandshakeResponse.java:30)at org.openqa.selenium.remote.ProtocolHandshake.lambda$createSession$0(ProtocolHandshake.java:126)at java.util.stream.ReferencePipeline$3$1.accept(Unknown Source)at java.util.Spliterators$ArraySpliterator.tryAdvance(Unknown Source)at java.util.stream.ReferencePipeline.forEachWithCancel(Unknown Source)at java.util.stream.AbstractPipeline.copyIntoWithCancel(Unknown Source)at java.util.stream.AbstractPipeline.copyInto(Unknown Source)at java.util.stream.AbstractPipeline.wrapAndCopyInto(Unknown Source)at java.util.stream.FindOps$FindOp.evaluateSequential(Unknown Source)at java.util.stream.AbstractPipeline.evaluate(Unknown Source)at java.util.stream.ReferencePipeline.findFirst(Unknown Source)at org.openqa.selenium.remote.ProtocolHandshake.createSession(ProtocolHandshake.java:128)at org.openqa.selenium.remote.ProtocolHandshake.createSession(ProtocolHandshake.java:74)at org.openqa.selenium.remote.HttpCommandExecutor.execute(HttpCommandExecutor.java:136)at org.openqa.selenium.remote.service.DriverCommandExecutor.execute(DriverCommandExecutor.java:83)at org.openqa.selenium.remote.RemoteWebDriver.execute(RemoteWebDriver.java:552)at org.openqa.selenium.remote.RemoteWebDriver.startSession(RemoteWebDriver.java:213)at org.openqa.selenium.remote.RemoteWebDriver.<init>(RemoteWebDriver.java:131)at org.openqa.selenium.chrome.ChromeDriver.<init>(ChromeDriver.java:181)at org.openqa.selenium.chrome.ChromeDriver.<init>(ChromeDriver.java:168)at org.openqa.selenium.chrome.ChromeDriver.<init>(ChromeDriver.java:123)at com.practice.TestNG_EX.login(TestNG_EX.java:14)... Removed 29 stack frames]]>
    </failure>
  </testcase> <!-- login -->
  <testcase name="logout" time="7.804" classname="com.practice.TestNG_EX">
    <failure type="org.openqa.selenium.SessionNotCreatedException" message="session not created: Chrome failed to start: exited normally.
  (chrome not reachable)
  (The process started from chrome location C:\Program Files\Google\Chrome\Application\chrome.exe is no longer running, so ChromeDriver is assuming that Chrome has crashed.)
Build info: version: &amp;apos;3.141.59&amp;apos;, revision: &amp;apos;e82be7d358&amp;apos;, time: &amp;apos;2018-11-14T08:17:03&amp;apos;
System info: host: &amp;apos;PRATIKP&amp;apos;, ip: &amp;apos;192.168.0.162&amp;apos;, os.name: &amp;apos;Windows 10&amp;apos;, os.arch: &amp;apos;amd64&amp;apos;, os.version: &amp;apos;10.0&amp;apos;, java.version: &amp;apos;1.8.0_144&amp;apos;
Driver info: driver.version: ChromeDriver
remote stacktrace: 	GetHandleVerifier [0x00007FF7D10A82B2+55298]
	(No symbol) [0x00007FF7D1015E02]
	(No symbol) [0x00007FF7D0ED05AB]
	(No symbol) [0x00007FF7D0EFDCD8]
	(No symbol) [0x00007FF7D0EFB30E]
	(No symbol) [0x00007FF7D0F3A198]
	(No symbol) [0x00007FF7D0F39CB0]
	(No symbol) [0x00007FF7D0F31E83]
	(No symbol) [0x00007FF7D0F0670A]
	(No symbol) [0x00007FF7D0F07964]
	GetHandleVerifier [0x00007FF7D1420AAB+3694587]
	GetHandleVerifier [0x00007FF7D147728E+4048862]
	GetHandleVerifier [0x00007FF7D146F173+4015811]
	GetHandleVerifier [0x00007FF7D11447D6+695590]
	(No symbol) [0x00007FF7D1020CE8]
	(No symbol) [0x00007FF7D101CF34]
	(No symbol) [0x00007FF7D101D062]
	(No symbol) [0x00007FF7D100D3A3]
	BaseThreadInitThunk [0x00007FFA172A257D+29]
	RtlUserThreadStart [0x00007FFA179EAA58+40]
">
      <![CDATA[org.openqa.selenium.SessionNotCreatedException: session not created: Chrome failed to start: exited normally.  (chrome not reachable)  (The process started from chrome location C:\Program Files\Google\Chrome\Application\chrome.exe is no longer running, so ChromeDriver is assuming that Chrome has crashed.)Build info: version: '3.141.59', revision: 'e82be7d358', time: '2018-11-14T08:17:03'System info: host: 'PRATIKP', ip: '192.168.0.162', os.name: 'Windows 10', os.arch: 'amd64', os.version: '10.0', java.version: '1.8.0_144'Driver info: driver.version: ChromeDriverremote stacktrace: GetHandleVerifier [0x00007FF7D10A82B2+55298](No symbol) [0x00007FF7D1015E02](No symbol) [0x00007FF7D0ED05AB](No symbol) [0x00007FF7D0EFDCD8](No symbol) [0x00007FF7D0EFB30E](No symbol) [0x00007FF7D0F3A198](No symbol) [0x00007FF7D0F39CB0](No symbol) [0x00007FF7D0F31E83](No symbol) [0x00007FF7D0F0670A](No symbol) [0x00007FF7D0F07964]GetHandleVerifier [0x00007FF7D1420AAB+3694587]GetHandleVerifier [0x00007FF7D147728E+4048862]GetHandleVerifier [0x00007FF7D146F173+4015811]GetHandleVerifier [0x00007FF7D11447D6+695590](No symbol) [0x00007FF7D1020CE8](No symbol) [0x00007FF7D101CF34](No symbol) [0x00007FF7D101D062](No symbol) [0x00007FF7D100D3A3]BaseThreadInitThunk [0x00007FFA172A257D+29]RtlUserThreadStart [0x00007FFA179EAA58+40]at org.openqa.selenium.remote.W3CHandshakeResponse.lambda$errorHandler$0(W3CHandshakeResponse.java:62)at org.openqa.selenium.remote.HandshakeResponse.lambda$getResponseFunction$0(HandshakeResponse.java:30)at org.openqa.selenium.remote.ProtocolHandshake.lambda$createSession$0(ProtocolHandshake.java:126)at java.util.stream.ReferencePipeline$3$1.accept(Unknown Source)at java.util.Spliterators$ArraySpliterator.tryAdvance(Unknown Source)at java.util.stream.ReferencePipeline.forEachWithCancel(Unknown Source)at java.util.stream.AbstractPipeline.copyIntoWithCancel(Unknown Source)at java.util.stream.AbstractPipeline.copyInto(Unknown Source)at java.util.stream.AbstractPipeline.wrapAndCopyInto(Unknown Source)at java.util.stream.FindOps$FindOp.evaluateSequential(Unknown Source)at java.util.stream.AbstractPipeline.evaluate(Unknown Source)at java.util.stream.ReferencePipeline.findFirst(Unknown Source)at org.openqa.selenium.remote.ProtocolHandshake.createSession(ProtocolHandshake.java:128)at org.openqa.selenium.remote.ProtocolHandshake.createSession(ProtocolHandshake.java:74)at org.openqa.selenium.remote.HttpCommandExecutor.execute(HttpCommandExecutor.java:136)at org.openqa.selenium.remote.service.DriverCommandExecutor.execute(DriverCommandExecutor.java:83)at org.openqa.selenium.remote.RemoteWebDriver.execute(RemoteWebDriver.java:552)at org.openqa.selenium.remote.RemoteWebDriver.startSession(RemoteWebDriver.java:213)at org.openqa.selenium.remote.RemoteWebDriver.<init>(RemoteWebDriver.java:131)at org.openqa.selenium.chrome.ChromeDriver.<init>(ChromeDriver.java:181)at org.openqa.selenium.chrome.ChromeDriver.<init>(ChromeDriver.java:168)at org.openqa.selenium.chrome.ChromeDriver.<init>(ChromeDriver.java:123)at com.practice.TestNG_EX.logout(TestNG_EX.java:29)... Removed 29 stack frames]]>
    </failure>
  </testcase> <!-- logout -->
  <testcase name="name" time="2.027" classname="com.practice.TestNG_EX"/>
  <testcase name="user" time="2.136" classname="com.practice.TestNG_EX"/>
</testsuite> <!-- GC Test -->
